{"context":"WorkersService","level":"error","message":"Failed to sync order ORD-1773519045225-140: Request failed with status code 400","stack":[null],"timestamp":"2026-03-25T17:00:00.633Z"}
{"context":"WorkersService","level":"error","message":"Failed to sync supplier balance: Request failed with status code 400","stack":[null],"timestamp":"2026-03-25T17:00:00.636Z"}
{"context":"WorkersService","level":"error","message":"Failed to sync order ORD-1773519045225-140: Request failed with status code 400","stack":[null],"timestamp":"2026-03-25T17:02:00.188Z"}
{"context":"WorkersService","level":"error","message":"Failed to sync order ORD-1773519045225-140: Request failed with status code 400","stack":[null],"timestamp":"2026-03-25T17:04:00.109Z"}
{"context":"DigiflazzService","level":"error","message":"[SupplierBalance] Failed to verify balance, proceeding normally: Request failed with status code 400","stack":[null],"timestamp":"2026-03-25T17:05:00.135Z"}
{"context":"DigiflazzService","level":"error","message":"[SupplierBalance] Failed to verify balance, proceeding normally: Request failed with status code 400","stack":[null],"timestamp":"2026-03-25T17:05:00.145Z"}
{"context":"DigiflazzService","level":"error","message":"[SupplierBalance] Failed to verify balance, proceeding normally: Request failed with status code 400","stack":[null],"timestamp":"2026-03-25T17:05:00.149Z"}
{"context":"DigiflazzService","level":"error","message":"[Cron] Failed to retry order ORD-1773519045225-140: Request failed with status code 400","stack":[null],"timestamp":"2026-03-25T17:05:00.189Z"}
{"context":"DigiflazzService","level":"error","message":"[Cron] Failed to retry order ORD-1773519045225-140: Request failed with status code 400","stack":[null],"timestamp":"2026-03-25T17:05:00.193Z"}
{"context":"DigiflazzService","level":"error","message":"[Cron] Failed to retry order ORD-1773519045225-140: Request failed with status code 400","stack":[null],"timestamp":"2026-03-25T17:05:00.195Z"}
{"context":"WorkersService","level":"error","message":"Failed to sync order ORD-1773519045225-140: Request failed with status code 400","stack":[null],"timestamp":"2026-03-25T17:06:00.112Z"}
{"context":"WorkersService","level":"error","message":"Failed to sync order ORD-1773519045225-140: Request failed with status code 400","stack":[null],"timestamp":"2026-03-25T17:08:00.118Z"}
{"context":"WorkersService","level":"error","message":"Failed to sync order ORD-1773519045225-140: getaddrinfo ENOTFOUND api.digiflazz.com","stack":[null],"timestamp":"2026-03-25T17:10:00.045Z"}
{"context":"WorkersService","level":"error","message":"Failed to sync order ORD-1773519045225-140: getaddrinfo ENOTFOUND api.digiflazz.com","stack":[null],"timestamp":"2026-03-25T17:12:00.031Z"}
{"context":"WorkersService","level":"error","message":"Failed to sync order ORD-1773519045225-140: getaddrinfo ENOTFOUND api.digiflazz.com","stack":[null],"timestamp":"2026-03-25T17:14:00.028Z"}
{"context":"DigiflazzService","level":"error","message":"[SupplierBalance] Failed to verify balance, proceeding normally: getaddrinfo ENOTFOUND api.digiflazz.com","stack":[null],"timestamp":"2026-03-25T17:15:00.046Z"}
{"context":"DigiflazzService","level":"error","message":"[SupplierBalance] Failed to verify balance, proceeding normally: getaddrinfo ENOTFOUND api.digiflazz.com","stack":[null],"timestamp":"2026-03-25T17:15:00.048Z"}
{"context":"DigiflazzService","level":"error","message":"[Cron] Failed to retry order ORD-1773519045225-140: getaddrinfo ENOTFOUND api.digiflazz.com","stack":[null],"timestamp":"2026-03-25T17:15:00.056Z"}
{"context":"DigiflazzService","level":"error","message":"[Cron] Failed to retry order ORD-1773519045225-140: getaddrinfo ENOTFOUND api.digiflazz.com","stack":[null],"timestamp":"2026-03-25T17:15:00.057Z"}
{"context":"DigiflazzService","level":"error","message":"[SupplierBalance] Failed to verify balance, proceeding normally: getaddrinfo ENOTFOUND api.digiflazz.com","stack":[null],"timestamp":"2026-03-25T17:15:00.058Z"}
{"context":"DigiflazzService","level":"error","message":"[Cron] Failed to retry order ORD-1773519045225-140: getaddrinfo ENOTFOUND api.digiflazz.com","stack":[null],"timestamp":"2026-03-25T17:15:00.065Z"}
{"context":"WorkersService","level":"error","message":"Failed to sync order ORD-1773519045225-140: getaddrinfo ENOTFOUND api.digiflazz.com","stack":[null],"timestamp":"2026-03-25T17:16:00.028Z"}
{"context":"WorkersService","level":"error","message":"Failed to sync order ORD-1773519045225-140: getaddrinfo ENOTFOUND api.digiflazz.com","stack":[null],"timestamp":"2026-03-25T17:18:00.024Z"}
{"context":"WorkersService","level":"error","message":"Failed to sync order ORD-1773519045225-140: getaddrinfo ENOTFOUND api.digiflazz.com","stack":[null],"timestamp":"2026-03-25T17:20:00.044Z"}
{"context":"WorkersService","level":"error","message":"Failed to sync order ORD-1773519045225-140: getaddrinfo ENOTFOUND api.digiflazz.com","stack":[null],"timestamp":"2026-03-25T17:22:00.033Z"}
{"context":"WorkersService","level":"error","message":"Failed to sync order ORD-1773519045225-140: Request failed with status code 400","stack":[null],"timestamp":"2026-03-25T17:24:06.324Z"}
{"context":"DigiflazzService","level":"error","message":"[SupplierBalance] Failed to verify balance, proceeding normally: Request failed with status code 400","stack":[null],"timestamp":"2026-03-25T17:25:00.140Z"}
{"context":"DigiflazzService","level":"error","message":"[SupplierBalance] Failed to verify balance, proceeding normally: Request failed with status code 400","stack":[null],"timestamp":"2026-03-25T17:25:00.147Z"}
{"context":"DigiflazzService","level":"error","message":"[SupplierBalance] Failed to verify balance, proceeding normally: Request failed with status code 400","stack":[null],"timestamp":"2026-03-25T17:25:00.157Z"}
{"context":"DigiflazzService","level":"error","message":"[Cron] Failed to retry order ORD-1773519045225-140: Request failed with status code 400","stack":[null],"timestamp":"2026-03-25T17:25:00.189Z"}
{"context":"DigiflazzService","level":"error","message":"[Cron] Failed to retry order ORD-1773519045225-140: Request failed with status code 400","stack":[null],"timestamp":"2026-03-25T17:25:00.193Z"}
{"context":"DigiflazzService","level":"error","message":"[Cron] Failed to retry order ORD-1773519045225-140: Request failed with status code 400","stack":[null],"timestamp":"2026-03-25T17:25:00.194Z"}
{"context":"WorkersService","level":"error","message":"Failed to sync order ORD-1773519045225-140: Request failed with status code 400","stack":[null],"timestamp":"2026-03-25T17:26:00.141Z"}
{"context":"WorkersService","level":"error","message":"Failed to sync order ORD-1773519045225-140: Request failed with status code 400","stack":[null],"timestamp":"2026-03-25T17:28:00.101Z"}
{"context":"WorkersService","level":"error","message":"Failed to sync order ORD-1773519045225-140: Request failed with status code 400","stack":[null],"timestamp":"2026-03-25T17:30:00.591Z"}
{"context":"WorkersService","level":"error","message":"Failed to sync order ORD-1773519045225-140: Request failed with status code 400","stack":[null],"timestamp":"2026-03-25T17:32:00.179Z"}
{"context":"WorkersService","level":"error","message":"Failed to sync order ORD-1773519045225-140: Request failed with status code 400","stack":[null],"timestamp":"2026-03-25T17:34:00.121Z"}
{"context":"DigiflazzService","level":"error","message":"[SupplierBalance] Failed to verify balance, proceeding normally: Request failed with status code 400","stack":[null],"timestamp":"2026-03-25T17:35:00.131Z"}
{"context":"DigiflazzService","level":"error","message":"[SupplierBalance] Failed to verify balance, proceeding normally: Request failed with status code 400","stack":[null],"timestamp":"2026-03-25T17:35:00.135Z"}
{"context":"DigiflazzService","level":"error","message":"[SupplierBalance] Failed to verify balance, proceeding normally: Request failed with status code 400","stack":[null],"timestamp":"2026-03-25T17:35:00.140Z"}
{"context":"DigiflazzService","level":"error","message":"[Cron] Failed to retry order ORD-1773519045225-140: Request failed with status code 400","stack":[null],"timestamp":"2026-03-25T17:35:00.184Z"}
{"context":"DigiflazzService","level":"error","message":"[Cron] Failed to retry order ORD-1773519045225-140: Request failed with status code 400","stack":[null],"timestamp":"2026-03-25T17:35:00.185Z"}
{"context":"DigiflazzService","level":"error","message":"[Cron] Failed to retry order ORD-1773519045225-140: Request failed with status code 400","stack":[null],"timestamp":"2026-03-25T17:35:00.186Z"}
{"context":"WorkersService","level":"error","message":"Failed to sync order ORD-1773519045225-140: Request failed with status code 400","stack":[null],"timestamp":"2026-03-25T17:36:00.109Z"}
{"context":"WorkersService","level":"error","message":"Failed to sync order ORD-1773519045225-140: Request failed with status code 400","stack":[null],"timestamp":"2026-03-25T17:38:00.125Z"}
{"context":"WorkersService","level":"error","message":"Failed to sync order ORD-1773519045225-140: Request failed with status code 400","stack":[null],"timestamp":"2026-03-25T17:40:00.167Z"}
{"context":"WorkersService","level":"error","message":"Failed to sync order ORD-1773519045225-140: Request failed with status code 400","stack":[null],"timestamp":"2026-03-25T17:42:00.107Z"}
{"context":"WorkersService","level":"error","message":"Failed to sync order ORD-1773519045225-140: Request failed with status code 400","stack":[null],"timestamp":"2026-03-25T17:44:00.108Z"}
{"context":"DigiflazzService","level":"error","message":"[SupplierBalance] Failed to verify balance, proceeding normally: Request failed with status code 400","stack":[null],"timestamp":"2026-03-25T17:45:00.137Z"}
{"context":"DigiflazzService","level":"error","message":"[SupplierBalance] Failed to verify balance, proceeding normally: Request failed with status code 400","stack":[null],"timestamp":"2026-03-25T17:45:00.139Z"}
{"context":"DigiflazzService","level":"error","message":"[SupplierBalance] Failed to verify balance, proceeding normally: Request failed with status code 400","stack":[null],"timestamp":"2026-03-25T17:45:00.161Z"}
{"context":"DigiflazzService","level":"error","message":"[Cron] Failed to retry order ORD-1773519045225-140: Request failed with status code 400","stack":[null],"timestamp":"2026-03-25T17:45:00.187Z"}
{"context":"DigiflazzService","level":"error","message":"[Cron] Failed to retry order ORD-1773519045225-140: Request failed with status code 400","stack":[null],"timestamp":"2026-03-25T17:45:00.189Z"}
{"context":"DigiflazzService","level":"error","message":"[Cron] Failed to retry order ORD-1773519045225-140: Request failed with status code 400","stack":[null],"timestamp":"2026-03-25T17:45:00.202Z"}
{"context":"WorkersService","level":"error","message":"Failed to sync order ORD-1773519045225-140: Request failed with status code 400","stack":[null],"timestamp":"2026-03-25T17:46:00.116Z"}
{"context":"WorkersService","level":"error","message":"Failed to sync order ORD-1773519045225-140: Request failed with status code 400","stack":[null],"timestamp":"2026-03-25T17:48:00.110Z"}
{"context":"WorkersService","level":"error","message":"Failed to sync order ORD-1773519045225-140: Request failed with status code 400","stack":[null],"timestamp":"2026-03-25T17:50:00.152Z"}
{"context":"WorkersService","level":"error","message":"Failed to sync order ORD-1773519045225-140: Request failed with status code 400","stack":[null],"timestamp":"2026-03-25T17:52:00.134Z"}
{"context":"WorkersService","level":"error","message":"Failed to sync order ORD-1773519045225-140: Request failed with status code 400","stack":[null],"timestamp":"2026-03-25T17:54:00.113Z"}
{"context":"DigiflazzService","level":"error","message":"[SupplierBalance] Failed to verify balance, proceeding normally: Request failed with status code 400","stack":[null],"timestamp":"2026-03-25T17:55:00.115Z"}
{"context":"DigiflazzService","level":"error","message":"[SupplierBalance] Failed to verify balance, proceeding normally: Request failed with status code 400","stack":[null],"timestamp":"2026-03-25T17:55:00.132Z"}
{"context":"DigiflazzService","level":"error","message":"[SupplierBalance] Failed to verify balance, proceeding normally: Request failed with status code 400","stack":[null],"timestamp":"2026-03-25T17:55:00.136Z"}
{"context":"DigiflazzService","level":"error","message":"[Cron] Failed to retry order ORD-1773519045225-140: Request failed with status code 400","stack":[null],"timestamp":"2026-03-25T17:55:00.160Z"}
{"context":"DigiflazzService","level":"error","message":"[Cron] Failed to retry order ORD-1773519045225-140: Request failed with status code 400","stack":[null],"timestamp":"2026-03-25T17:55:00.175Z"}
{"context":"DigiflazzService","level":"error","message":"[Cron] Failed to retry order ORD-1773519045225-140: Request failed with status code 400","stack":[null],"timestamp":"2026-03-25T17:55:00.176Z"}
{"context":"WorkersService","level":"error","message":"Failed to sync order ORD-1773519045225-140: Request failed with status code 400","stack":[null],"timestamp":"2026-03-25T17:56:00.133Z"}
{"context":"WorkersService","level":"error","message":"Failed to sync order ORD-1773519045225-140: Request failed with status code 400","stack":[null],"timestamp":"2026-03-25T17:58:00.106Z"}
{"context":"WorkersService","level":"error","message":"Failed to sync supplier balance: Request failed with status code 400","stack":[null],"timestamp":"2026-03-25T18:00:00.311Z"}
{"context":"WorkersService","level":"error","message":"Failed to sync order ORD-1773519045225-140: Request failed with status code 400","stack":[null],"timestamp":"2026-03-25T18:00:00.313Z"}
{"context":"WorkersService","level":"error","message":"Failed to sync order ORD-1773519045225-140: Request failed with status code 400","stack":[null],"timestamp":"2026-03-25T18:02:00.122Z"}
{"context":"WorkersService","level":"error","message":"Failed to sync order ORD-1773519045225-140: Request failed with status code 400","stack":[null],"timestamp":"2026-03-25T18:04:00.134Z"}
{"context":"DigiflazzService","level":"error","message":"[SupplierBalance] Failed to verify balance, proceeding normally: Request failed with status code 400","stack":[null],"timestamp":"2026-03-25T18:05:00.112Z"}
{"context":"DigiflazzService","level":"error","message":"[SupplierBalance] Failed to verify balance, proceeding normally: Request failed with status code 400","stack":[null],"timestamp":"2026-03-25T18:05:00.117Z"}
{"context":"DigiflazzService","level":"error","message":"[SupplierBalance] Failed to verify balance, proceeding normally: Request failed with status code 400","stack":[null],"timestamp":"2026-03-25T18:05:00.120Z"}
{"context":"DigiflazzService","level":"error","message":"[Cron] Failed to retry order ORD-1773519045225-140: Request failed with status code 400","stack":[null],"timestamp":"2026-03-25T18:05:00.164Z"}
{"context":"DigiflazzService","level":"error","message":"[Cron] Failed to retry order ORD-1773519045225-140: Request failed with status code 400","stack":[null],"timestamp":"2026-03-25T18:05:00.165Z"}
{"context":"DigiflazzService","level":"error","message":"[Cron] Failed to retry order ORD-1773519045225-140: Request failed with status code 400","stack":[null],"timestamp":"2026-03-25T18:05:00.167Z"}
{"context":"WorkersService","level":"error","message":"Failed to sync order ORD-1773519045225-140: Request failed with status code 400","stack":[null],"timestamp":"2026-03-25T18:06:00.230Z"}
{"context":"WorkersService","level":"error","message":"Failed to sync order ORD-1773519045225-140: Request failed with status code 400","stack":[null],"timestamp":"2026-03-25T18:08:00.146Z"}
{"context":"WorkersService","level":"error","message":"Failed to sync order ORD-1773519045225-140: getaddrinfo ENOTFOUND api.digiflazz.com","stack":[null],"timestamp":"2026-03-25T18:10:00.048Z"}
{"context":"WorkersService","level":"error","message":"Failed to sync order ORD-1773519045225-140: getaddrinfo ENOTFOUND api.digiflazz.com","stack":[null],"timestamp":"2026-03-25T18:12:00.026Z"}
{"context":"WorkersService","level":"error","message":"Failed to sync order ORD-1773519045225-140: getaddrinfo ENOTFOUND api.digiflazz.com","stack":[null],"timestamp":"2026-03-25T18:14:00.031Z"}
{"context":"DigiflazzService","level":"error","message":"[SupplierBalance] Failed to verify balance, proceeding normally: getaddrinfo ENOTFOUND api.digiflazz.com","stack":[null],"timestamp":"2026-03-25T18:15:00.052Z"}
{"context":"DigiflazzService","level":"error","message":"[SupplierBalance] Failed to verify balance, proceeding normally: getaddrinfo ENOTFOUND api.digiflazz.com","stack":[null],"timestamp":"2026-03-25T18:15:00.055Z"}
{"context":"DigiflazzService","level":"error","message":"[Cron] Failed to retry order ORD-1773519045225-140: getaddrinfo ENOTFOUND api.digiflazz.com","stack":[null],"timestamp":"2026-03-25T18:15:00.067Z"}
{"context":"DigiflazzService","level":"error","message":"[SupplierBalance] Failed to verify balance, proceeding normally: getaddrinfo ENOTFOUND api.digiflazz.com","stack":[null],"timestamp":"2026-03-25T18:15:00.067Z"}
{"context":"DigiflazzService","level":"error","message":"[Cron] Failed to retry order ORD-1773519045225-140: getaddrinfo ENOTFOUND api.digiflazz.com","stack":[null],"timestamp":"2026-03-25T18:15:00.070Z"}
{"context":"DigiflazzService","level":"error","message":"[Cron] Failed to retry order ORD-1773519045225-140: getaddrinfo ENOTFOUND api.digiflazz.com","stack":[null],"timestamp":"2026-03-25T18:15:00.074Z"}
{"context":"WorkersService","level":"error","message":"Failed to sync order ORD-1773519045225-140: getaddrinfo ENOTFOUND api.digiflazz.com","stack":[null],"timestamp":"2026-03-25T18:16:00.033Z"}
{"context":"WorkersService","level":"error","message":"Failed to sync order ORD-1773519045225-140: getaddrinfo ENOTFOUND api.digiflazz.com","stack":[null],"timestamp":"2026-03-25T18:18:00.033Z"}
{"context":"WorkersService","level":"error","message":"Failed to sync order ORD-1773519045225-140: getaddrinfo ENOTFOUND api.digiflazz.com","stack":[null],"timestamp":"2026-03-25T18:20:00.047Z"}
{"context":"WorkersService","level":"error","message":"Failed to sync order ORD-1773519045225-140: Request failed with status code 400","stack":[null],"timestamp":"2026-03-25T18:22:00.391Z"}
{"context":"WorkersService","level":"error","message":"Failed to sync order ORD-1773519045225-140: Request failed with status code 400","stack":[null],"timestamp":"2026-03-25T18:24:00.206Z"}
{"context":"DigiflazzService","level":"error","message":"[SupplierBalance] Failed to verify balance, proceeding normally: Request failed with status code 400","stack":[null],"timestamp":"2026-03-25T18:25:00.242Z"}
{"context":"DigiflazzService","level":"error","message":"[SupplierBalance] Failed to verify balance, proceeding normally: Request failed with status code 400","stack":[null],"timestamp":"2026-03-25T18:25:00.245Z"}
{"context":"DigiflazzService","level":"error","message":"[SupplierBalance] Failed to verify balance, proceeding normally: Request failed with status code 400","stack":[null],"timestamp":"2026-03-25T18:25:00.247Z"}
{"context":"DigiflazzService","level":"error","message":"[Cron] Failed to retry order ORD-1773519045225-140: Request failed with status code 400","stack":[null],"timestamp":"2026-03-25T18:25:00.291Z"}
{"context":"DigiflazzService","level":"error","message":"[Cron] Failed to retry order ORD-1773519045225-140: Request failed with status code 400","stack":[null],"timestamp":"2026-03-25T18:25:00.291Z"}
{"context":"DigiflazzService","level":"error","message":"[Cron] Failed to retry order ORD-1773519045225-140: Request failed with status code 400","stack":[null],"timestamp":"2026-03-25T18:25:00.293Z"}
{"context":"WorkersService","level":"error","message":"Failed to sync order ORD-1773519045225-140: Request failed with status code 400","stack":[null],"timestamp":"2026-03-25T18:26:00.208Z"}
{"context":"WorkersService","level":"error","message":"Failed to sync order ORD-1773519045225-140: Request failed with status code 400","stack":[null],"timestamp":"2026-03-25T18:28:00.221Z"}
{"context":"WorkersService","level":"error","message":"Failed to sync order ORD-1773519045225-140: Request failed with status code 400","stack":[null],"timestamp":"2026-03-25T18:30:00.364Z"}
{"context":"WorkersService","level":"error","message":"Failed to sync order ORD-1773519045225-140: Request failed with status code 400","stack":[null],"timestamp":"2026-03-25T18:32:00.115Z"}
{"context":"WorkersService","level":"error","message":"Failed to sync order ORD-1773519045225-140: Request failed with status code 400","stack":[null],"timestamp":"2026-03-25T18:34:00.114Z"}
{"context":"DigiflazzService","level":"error","message":"[SupplierBalance] Failed to verify balance, proceeding normally: Request failed with status code 400","stack":[null],"timestamp":"2026-03-25T18:35:00.137Z"}
{"context":"DigiflazzService","level":"error","message":"[SupplierBalance] Failed to verify balance, proceeding normally: Request failed with status code 400","stack":[null],"timestamp":"2026-03-25T18:35:00.140Z"}
{"context":"DigiflazzService","level":"error","message":"[SupplierBalance] Failed to verify balance, proceeding normally: Request failed with status code 400","stack":[null],"timestamp":"2026-03-25T18:35:00.142Z"}
{"context":"DigiflazzService","level":"error","message":"[Cron] Failed to retry order ORD-1773519045225-140: Request failed with status code 400","stack":[null],"timestamp":"2026-03-25T18:35:00.183Z"}
{"context":"DigiflazzService","level":"error","message":"[Cron] Failed to retry order ORD-1773519045225-140: Request failed with status code 400","stack":[null],"timestamp":"2026-03-25T18:35:00.185Z"}
{"context":"DigiflazzService","level":"error","message":"[Cron] Failed to retry order ORD-1773519045225-140: Request failed with status code 400","stack":[null],"timestamp":"2026-03-25T18:35:00.186Z"}
{"context":"WorkersService","level":"error","message":"Failed to sync order ORD-1773519045225-140: Request failed with status code 400","stack":[null],"timestamp":"2026-03-25T18:36:00.120Z"}
{"context":"WorkersService","level":"error","message":"Failed to sync order ORD-1773519045225-140: Request failed with status code 400","stack":[null],"timestamp":"2026-03-25T18:38:00.136Z"}
{"context":"WorkersService","level":"error","message":"Failed to sync order ORD-1773519045225-140: Request failed with status code 400","stack":[null],"timestamp":"2026-03-25T18:40:00.133Z"}
{"context":"WorkersService","level":"error","message":"Failed to sync order ORD-1773519045225-140: Request failed with status code 400","stack":[null],"timestamp":"2026-03-25T18:42:00.133Z"}
{"context":"WorkersService","level":"error","message":"Failed to sync order ORD-1773519045225-140: Request failed with status code 400","stack":[null],"timestamp":"2026-03-25T18:44:00.132Z"}
{"context":"DigiflazzService","level":"error","message":"[SupplierBalance] Failed to verify balance, proceeding normally: Request failed with status code 400","stack":[null],"timestamp":"2026-03-25T18:45:00.154Z"}
{"context":"DigiflazzService","level":"error","message":"[SupplierBalance] Failed to verify balance, proceeding normally: Request failed with status code 400","stack":[null],"timestamp":"2026-03-25T18:45:00.156Z"}
{"context":"DigiflazzService","level":"error","message":"[Cron] Failed to retry order ORD-1773519045225-140: Request failed with status code 400","stack":[null],"timestamp":"2026-03-25T18:45:00.270Z"}
{"context":"DigiflazzService","level":"error","message":"[Cron] Failed to retry order ORD-1773519045225-140: Request failed with status code 400","stack":[null],"timestamp":"2026-03-25T18:45:00.277Z"}
{"context":"DigiflazzService","level":"error","message":"[SupplierBalance] Failed to verify balance, proceeding normally: Request failed with status code 400","stack":[null],"timestamp":"2026-03-25T18:45:00.340Z"}
{"context":"DigiflazzService","level":"error","message":"[Cron] Failed to retry order ORD-1773519045225-140: Request failed with status code 400","stack":[null],"timestamp":"2026-03-25T18:45:00.411Z"}
{"context":"WorkersService","level":"error","message":"Failed to sync order ORD-1773519045225-140: Request failed with status code 400","stack":[null],"timestamp":"2026-03-25T18:46:00.118Z"}
{"context":"WorkersService","level":"error","message":"Failed to sync order ORD-1773519045225-140: Request failed with status code 400","stack":[null],"timestamp":"2026-03-25T18:48:00.124Z"}
{"context":"WorkersService","level":"error","message":"Failed to sync order ORD-1773519045225-140: Request failed with status code 400","stack":[null],"timestamp":"2026-03-25T18:50:00.136Z"}
{"context":"WorkersService","level":"error","message":"Failed to sync order ORD-1773519045225-140: Request failed with status code 400","stack":[null],"timestamp":"2026-03-25T18:52:00.111Z"}
{"context":"WorkersService","level":"error","message":"Failed to sync order ORD-1773519045225-140: Request failed with status code 400","stack":[null],"timestamp":"2026-03-25T18:54:00.134Z"}
{"context":"DigiflazzService","level":"error","message":"[SupplierBalance] Failed to verify balance, proceeding normally: Request failed with status code 400","stack":[null],"timestamp":"2026-03-25T18:55:00.121Z"}
{"context":"DigiflazzService","level":"error","message":"[SupplierBalance] Failed to verify balance, proceeding normally: Request failed with status code 400","stack":[null],"timestamp":"2026-03-25T18:55:00.127Z"}
{"context":"DigiflazzService","level":"error","message":"[SupplierBalance] Failed to verify balance, proceeding normally: Request failed with status code 400","stack":[null],"timestamp":"2026-03-25T18:55:00.135Z"}
{"context":"DigiflazzService","level":"error","message":"[Cron] Failed to retry order ORD-1773519045225-140: Request failed with status code 400","stack":[null],"timestamp":"2026-03-25T18:55:00.162Z"}
{"context":"DigiflazzService","level":"error","message":"[Cron] Failed to retry order ORD-1773519045225-140: Request failed with status code 400","stack":[null],"timestamp":"2026-03-25T18:55:00.170Z"}
{"context":"DigiflazzService","level":"error","message":"[Cron] Failed to retry order ORD-1773519045225-140: Request failed with status code 400","stack":[null],"timestamp":"2026-03-25T18:55:00.173Z"}
{"context":"WorkersService","level":"error","message":"Failed to sync order ORD-1773519045225-140: Request failed with status code 400","stack":[null],"timestamp":"2026-03-25T18:56:00.116Z"}
{"context":"WorkersService","level":"error","message":"Failed to sync order ORD-1773519045225-140: Request failed with status code 400","stack":[null],"timestamp":"2026-03-25T18:58:00.116Z"}
{"context":"WorkersService","level":"error","message":"Failed to sync order ORD-1773519045225-140: Request failed with status code 400","stack":[null],"timestamp":"2026-03-25T19:00:00.262Z"}
{"context":"WorkersService","level":"error","message":"Failed to sync supplier balance: Request failed with status code 400","stack":[null],"timestamp":"2026-03-25T19:00:00.305Z"}
{"context":"WorkersService","level":"error","message":"Failed to sync order ORD-1773519045225-140: Request failed with status code 400","stack":[null],"timestamp":"2026-03-25T19:02:00.127Z"}
{"context":"WorkersService","level":"error","message":"Failed to sync order ORD-1773519045225-140: Request failed with status code 400","stack":[null],"timestamp":"2026-03-25T19:04:00.108Z"}
{"context":"DigiflazzService","level":"error","message":"[SupplierBalance] Failed to verify balance, proceeding normally: Request failed with status code 400","stack":[null],"timestamp":"2026-03-25T19:05:00.144Z"}
{"context":"DigiflazzService","level":"error","message":"[SupplierBalance] Failed to verify balance, proceeding normally: Request failed with status code 400","stack":[null],"timestamp":"2026-03-25T19:05:00.145Z"}
{"context":"DigiflazzService","level":"error","message":"[SupplierBalance] Failed to verify balance, proceeding normally: Request failed with status code 400","stack":[null],"timestamp":"2026-03-25T19:05:00.148Z"}
{"context":"DigiflazzService","level":"error","message":"[Cron] Failed to retry order ORD-1773519045225-140: Request failed with status code 400","stack":[null],"timestamp":"2026-03-25T19:05:00.194Z"}
{"context":"DigiflazzService","level":"error","message":"[Cron] Failed to retry order ORD-1773519045225-140: Request failed with status code 400","stack":[null],"timestamp":"2026-03-25T19:05:00.218Z"}
{"context":"DigiflazzService","level":"error","message":"[Cron] Failed to retry order ORD-1773519045225-140: Request failed with status code 400","stack":[null],"timestamp":"2026-03-25T19:05:00.220Z"}
{"context":"WorkersService","level":"error","message":"Failed to sync order ORD-1773519045225-140: Request failed with status code 400","stack":[null],"timestamp":"2026-03-25T19:06:00.120Z"}
{"context":"WorkersService","level":"error","message":"Failed to sync order ORD-1773519045225-140: Request failed with status code 400","stack":[null],"timestamp":"2026-03-25T19:08:00.138Z"}
{"context":"WorkersService","level":"error","message":"Failed to sync order ORD-1773519045225-140: getaddrinfo ENOTFOUND api.digiflazz.com","stack":[null],"timestamp":"2026-03-25T19:10:00.049Z"}
{"context":"WorkersService","level":"error","message":"Failed to sync order ORD-1773519045225-140: getaddrinfo ENOTFOUND api.digiflazz.com","stack":[null],"timestamp":"2026-03-25T19:12:00.031Z"}
{"context":"WorkersService","level":"error","message":"Failed to sync order ORD-1773519045225-140: getaddrinfo ENOTFOUND api.digiflazz.com","stack":[null],"timestamp":"2026-03-25T19:14:00.032Z"}
{"context":"DigiflazzService","level":"error","message":"[SupplierBalance] Failed to verify balance, proceeding normally: getaddrinfo ENOTFOUND api.digiflazz.com","stack":[null],"timestamp":"2026-03-25T19:15:00.045Z"}
{"context":"DigiflazzService","level":"error","message":"[SupplierBalance] Failed to verify balance, proceeding normally: getaddrinfo ENOTFOUND api.digiflazz.com","stack":[null],"timestamp":"2026-03-25T19:15:00.047Z"}
{"context":"DigiflazzService","level":"error","message":"[SupplierBalance] Failed to verify balance, proceeding normally: getaddrinfo ENOTFOUND api.digiflazz.com","stack":[null],"timestamp":"2026-03-25T19:15:00.053Z"}
{"context":"DigiflazzService","level":"error","message":"[Cron] Failed to retry order ORD-1773519045225-140: getaddrinfo ENOTFOUND api.digiflazz.com","stack":[null],"timestamp":"2026-03-25T19:15:00.055Z"}
{"context":"DigiflazzService","level":"error","message":"[Cron] Failed to retry order ORD-1773519045225-140: getaddrinfo ENOTFOUND api.digiflazz.com","stack":[null],"timestamp":"2026-03-25T19:15:00.055Z"}
{"context":"DigiflazzService","level":"error","message":"[Cron] Failed to retry order ORD-1773519045225-140: getaddrinfo ENOTFOUND api.digiflazz.com","stack":[null],"timestamp":"2026-03-25T19:15:00.058Z"}
{"context":"WorkersService","level":"error","message":"Failed to sync order ORD-1773519045225-140: getaddrinfo ENOTFOUND api.digiflazz.com","stack":[null],"timestamp":"2026-03-25T19:16:00.031Z"}
{"context":"WorkersService","level":"error","message":"Failed to sync order ORD-1773519045225-140: getaddrinfo ENOTFOUND api.digiflazz.com","stack":[null],"timestamp":"2026-03-25T19:18:00.034Z"}
{"context":"WorkersService","level":"error","message":"Failed to sync order ORD-1773519045225-140: getaddrinfo ENOTFOUND api.digiflazz.com","stack":[null],"timestamp":"2026-03-25T19:20:00.047Z"}
{"context":"WorkersService","level":"error","message":"Failed to sync order ORD-1773519045225-140: getaddrinfo ENOTFOUND api.digiflazz.com","stack":[null],"timestamp":"2026-03-25T19:22:00.030Z"}
{"context":"WorkersService","level":"error","message":"Failed to sync order ORD-1773519045225-140: getaddrinfo ENOTFOUND api.digiflazz.com","stack":[null],"timestamp":"2026-03-25T19:24:00.031Z"}
{"context":"DigiflazzService","level":"error","message":"[SupplierBalance] Failed to verify balance, proceeding normally: getaddrinfo ENOTFOUND api.digiflazz.com","stack":[null],"timestamp":"2026-03-25T19:25:00.041Z"}
{"context":"DigiflazzService","level":"error","message":"[Cron] Failed to retry order ORD-1773519045225-140: getaddrinfo ENOTFOUND api.digiflazz.com","stack":[null],"timestamp":"2026-03-25T19:25:00.048Z"}
{"context":"DigiflazzService","level":"error","message":"[SupplierBalance] Failed to verify balance, proceeding normally: getaddrinfo ENOTFOUND api.digiflazz.com","stack":[null],"timestamp":"2026-03-25T19:25:00.051Z"}
{"context":"DigiflazzService","level":"error","message":"[SupplierBalance] Failed to verify balance, proceeding normally: getaddrinfo ENOTFOUND api.digiflazz.com","stack":[null],"timestamp":"2026-03-25T19:25:00.053Z"}
{"context":"DigiflazzService","level":"error","message":"[Cron] Failed to retry order ORD-1773519045225-140: getaddrinfo ENOTFOUND api.digiflazz.com","stack":[null],"timestamp":"2026-03-25T19:25:00.058Z"}
{"context":"DigiflazzService","level":"error","message":"[Cron] Failed to retry order ORD-1773519045225-140: getaddrinfo ENOTFOUND api.digiflazz.com","stack":[null],"timestamp":"2026-03-25T19:25:00.059Z"}
{"context":"WorkersService","level":"error","message":"Failed to sync order ORD-1773519045225-140: getaddrinfo ENOTFOUND api.digiflazz.com","stack":[null],"timestamp":"2026-03-25T19:26:00.030Z"}
{"context":"WorkersService","level":"error","message":"Failed to sync order ORD-1773519045225-140: getaddrinfo ENOTFOUND api.digiflazz.com","stack":[null],"timestamp":"2026-03-25T19:28:00.029Z"}
{"context":"WorkersService","level":"error","message":"Failed to sync order ORD-1773519045225-140: getaddrinfo ENOTFOUND api.digiflazz.com","stack":[null],"timestamp":"2026-03-25T19:30:00.032Z"}
{"context":"WorkersService","level":"error","message":"Failed to sync order ORD-1773519045225-140: getaddrinfo ENOTFOUND api.digiflazz.com","stack":[null],"timestamp":"2026-03-25T19:32:00.031Z"}
{"context":"WorkersService","level":"error","message":"Failed to sync order ORD-1773519045225-140: getaddrinfo ENOTFOUND api.digiflazz.com","stack":[null],"timestamp":"2026-03-25T19:34:00.029Z"}
{"context":"DigiflazzService","level":"error","message":"[SupplierBalance] Failed to verify balance, proceeding normally: getaddrinfo ENOTFOUND api.digiflazz.com","stack":[null],"timestamp":"2026-03-25T19:35:00.041Z"}
{"context":"DigiflazzService","level":"error","message":"[Cron] Failed to retry order ORD-1773519045225-140: getaddrinfo ENOTFOUND api.digiflazz.com","stack":[null],"timestamp":"2026-03-25T19:35:00.047Z"}
{"context":"DigiflazzService","level":"error","message":"[SupplierBalance] Failed to verify balance, proceeding normally: getaddrinfo ENOTFOUND api.digiflazz.com","stack":[null],"timestamp":"2026-03-25T19:35:00.049Z"}
{"context":"DigiflazzService","level":"error","message":"[SupplierBalance] Failed to verify balance, proceeding normally: getaddrinfo ENOTFOUND api.digiflazz.com","stack":[null],"timestamp":"2026-03-25T19:35:00.051Z"}
{"context":"DigiflazzService","level":"error","message":"[Cron] Failed to retry order ORD-1773519045225-140: getaddrinfo ENOTFOUND api.digiflazz.com","stack":[null],"timestamp":"2026-03-25T19:35:00.056Z"}
{"context":"DigiflazzService","level":"error","message":"[Cron] Failed to retry order ORD-1773519045225-140: getaddrinfo ENOTFOUND api.digiflazz.com","stack":[null],"timestamp":"2026-03-25T19:35:00.057Z"}
{"context":"WorkersService","level":"error","message":"Failed to sync order ORD-1773519045225-140: getaddrinfo ENOTFOUND api.digiflazz.com","stack":[null],"timestamp":"2026-03-25T19:36:00.031Z"}
{"context":"WorkersService","level":"error","message":"Failed to sync order ORD-1773519045225-140: getaddrinfo ENOTFOUND api.digiflazz.com","stack":[null],"timestamp":"2026-03-25T19:38:00.031Z"}
{"context":"WorkersService","level":"error","message":"Failed to sync order ORD-1773519045225-140: getaddrinfo ENOTFOUND api.digiflazz.com","stack":[null],"timestamp":"2026-03-25T19:40:00.045Z"}
{"context":"WorkersService","level":"error","message":"Failed to sync order ORD-1773519045225-140: Request failed with status code 400","stack":[null],"timestamp":"2026-03-25T19:42:00.175Z"}
{"context":"WorkersService","level":"error","message":"Failed to sync order ORD-1773519045225-140: Request failed with status code 400","stack":[null],"timestamp":"2026-03-25T19:44:00.122Z"}
{"context":"DigiflazzService","level":"error","message":"[SupplierBalance] Failed to verify balance, proceeding normally: Request failed with status code 400","stack":[null],"timestamp":"2026-03-25T19:45:00.254Z"}
{"context":"DigiflazzService","level":"error","message":"[SupplierBalance] Failed to verify balance, proceeding normally: Request failed with status code 400","stack":[null],"timestamp":"2026-03-25T19:45:00.258Z"}
{"context":"DigiflazzService","level":"error","message":"[SupplierBalance] Failed to verify balance, proceeding normally: Request failed with status code 400","stack":[null],"timestamp":"2026-03-25T19:45:00.262Z"}
{"context":"DigiflazzService","level":"error","message":"[Cron] Failed to retry order ORD-1773519045225-140: Request failed with status code 400","stack":[null],"timestamp":"2026-03-25T19:45:00.308Z"}
{"context":"DigiflazzService","level":"error","message":"[Cron] Failed to retry order ORD-1773519045225-140: Request failed with status code 400","stack":[null],"timestamp":"2026-03-25T19:45:00.309Z"}
{"context":"DigiflazzService","level":"error","message":"[Cron] Failed to retry order ORD-1773519045225-140: Request failed with status code 400","stack":[null],"timestamp":"2026-03-25T19:45:00.316Z"}
{"context":"WorkersService","level":"error","message":"Failed to sync order ORD-1773519045225-140: Request failed with status code 400","stack":[null],"timestamp":"2026-03-25T19:46:00.144Z"}
{"context":"WorkersService","level":"error","message":"Failed to sync order ORD-1773519045225-140: Request failed with status code 400","stack":[null],"timestamp":"2026-03-25T19:48:00.159Z"}
{"context":"WorkersService","level":"error","message":"Failed to sync order ORD-1773519045225-140: Request failed with status code 400","stack":[null],"timestamp":"2026-03-25T19:50:00.141Z"}
{"context":"WorkersService","level":"error","message":"Failed to sync order ORD-1773519045225-140: Request failed with status code 400","stack":[null],"timestamp":"2026-03-25T19:52:00.150Z"}
{"context":"WorkersService","level":"error","message":"Failed to sync order ORD-1773519045225-140: Request failed with status code 400","stack":[null],"timestamp":"2026-03-25T19:54:00.133Z"}
{"context":"DigiflazzService","level":"error","message":"[SupplierBalance] Failed to verify balance, proceeding normally: Request failed with status code 400","stack":[null],"timestamp":"2026-03-25T19:55:00.136Z"}
{"context":"DigiflazzService","level":"error","message":"[SupplierBalance] Failed to verify balance, proceeding normally: Request failed with status code 400","stack":[null],"timestamp":"2026-03-25T19:55:00.138Z"}
{"context":"DigiflazzService","level":"error","message":"[SupplierBalance] Failed to verify balance, proceeding normally: Request failed with status code 400","stack":[null],"timestamp":"2026-03-25T19:55:00.141Z"}
{"context":"DigiflazzService","level":"error","message":"[Cron] Failed to retry order ORD-1773519045225-140: Request failed with status code 400","stack":[null],"timestamp":"2026-03-25T19:55:00.181Z"}
{"context":"DigiflazzService","level":"error","message":"[Cron] Failed to retry order ORD-1773519045225-140: Request failed with status code 400","stack":[null],"timestamp":"2026-03-25T19:55:00.189Z"}
{"context":"DigiflazzService","level":"error","message":"[Cron] Failed to retry order ORD-1773519045225-140: Request failed with status code 400","stack":[null],"timestamp":"2026-03-25T19:55:00.192Z"}
{"context":"WorkersService","level":"error","message":"Failed to sync order ORD-1773519045225-140: Request failed with status code 400","stack":[null],"timestamp":"2026-03-25T19:56:00.147Z"}
{"context":"WorkersService","level":"error","message":"Failed to sync order ORD-1773519045225-140: Request failed with status code 400","stack":[null],"timestamp":"2026-03-25T19:58:00.118Z"}
{"context":"WorkersService","level":"error","message":"Failed to sync supplier balance: Request failed with status code 400","stack":[null],"timestamp":"2026-03-25T20:00:00.225Z"}
{"context":"WorkersService","level":"error","message":"Failed to sync order ORD-1773519045225-140: Request failed with status code 400","stack":[null],"timestamp":"2026-03-25T20:00:00.368Z"}
{"context":"WorkersService","level":"error","message":"Failed to sync order ORD-1773519045225-140: Request failed with status code 400","stack":[null],"timestamp":"2026-03-25T20:02:00.158Z"}
{"context":"WorkersService","level":"error","message":"Failed to sync order ORD-1773519045225-140: getaddrinfo ENOTFOUND api.digiflazz.com","stack":[null],"timestamp":"2026-03-25T20:04:00.037Z"}
{"context":"DigiflazzService","level":"error","message":"[SupplierBalance] Failed to verify balance, proceeding normally: Request failed with status code 400","stack":[null],"timestamp":"2026-03-25T20:05:00.615Z"}
{"context":"DigiflazzService","level":"error","message":"[SupplierBalance] Failed to verify balance, proceeding normally: Request failed with status code 400","stack":[null],"timestamp":"2026-03-25T20:05:00.619Z"}
{"context":"DigiflazzService","level":"error","message":"[SupplierBalance] Failed to verify balance, proceeding normally: Request failed with status code 400","stack":[null],"timestamp":"2026-03-25T20:05:00.622Z"}
{"context":"DigiflazzService","level":"error","message":"[Cron] Failed to retry order ORD-1773519045225-140: Request failed with status code 400","stack":[null],"timestamp":"2026-03-25T20:05:00.665Z"}
{"context":"DigiflazzService","level":"error","message":"[Cron] Failed to retry order ORD-1773519045225-140: Request failed with status code 400","stack":[null],"timestamp":"2026-03-25T20:05:00.667Z"}
{"context":"DigiflazzService","level":"error","message":"[Cron] Failed to retry order ORD-1773519045225-140: Request failed with status code 400","stack":[null],"timestamp":"2026-03-25T20:05:00.670Z"}
{"context":"WorkersService","level":"error","message":"Failed to sync order ORD-1773519045225-140: Request failed with status code 400","stack":[null],"timestamp":"2026-03-25T20:06:00.163Z"}
{"context":"WorkersService","level":"error","message":"Failed to sync order ORD-1773519045225-140: Request failed with status code 400","stack":[null],"timestamp":"2026-03-25T20:08:00.207Z"}
{"context":"WorkersService","level":"error","message":"Failed to sync order ORD-1773519045225-140: timeout of 10000ms exceeded","stack":[null],"timestamp":"2026-03-25T20:10:10.066Z"}
{"context":"WorkersService","level":"error","message":"Failed to sync order ORD-1773519045225-140: Request failed with status code 400","stack":[null],"timestamp":"2026-03-25T20:12:00.204Z"}
{"context":"WorkersService","level":"error","message":"Failed to sync order ORD-1773519045225-140: Request failed with status code 400","stack":[null],"timestamp":"2026-03-25T20:14:00.217Z"}
{"context":"DigiflazzService","level":"error","message":"[SupplierBalance] Failed to verify balance, proceeding normally: Request failed with status code 400","stack":[null],"timestamp":"2026-03-25T20:15:00.190Z"}
{"context":"DigiflazzService","level":"error","message":"[SupplierBalance] Failed to verify balance, proceeding normally: Request failed with status code 400","stack":[null],"timestamp":"2026-03-25T20:15:00.194Z"}
{"context":"DigiflazzService","level":"error","message":"[SupplierBalance] Failed to verify balance, proceeding normally: Request failed with status code 400","stack":[null],"timestamp":"2026-03-25T20:15:00.202Z"}
{"context":"DigiflazzService","level":"error","message":"[Cron] Failed to retry order ORD-1773519045225-140: Request failed with status code 400","stack":[null],"timestamp":"2026-03-25T20:15:00.252Z"}
{"context":"DigiflazzService","level":"error","message":"[Cron] Failed to retry order ORD-1773519045225-140: Request failed with status code 400","stack":[null],"timestamp":"2026-03-25T20:15:00.253Z"}
{"context":"DigiflazzService","level":"error","message":"[Cron] Failed to retry order ORD-1773519045225-140: Request failed with status code 400","stack":[null],"timestamp":"2026-03-25T20:15:00.258Z"}
{"context":"WorkersService","level":"error","message":"Failed to sync order ORD-1773519045225-140: Request failed with status code 400","stack":[null],"timestamp":"2026-03-25T20:16:00.115Z"}
{"context":"WorkersService","level":"error","message":"Failed to sync order ORD-1773519045225-140: Request failed with status code 400","stack":[null],"timestamp":"2026-03-25T20:18:00.107Z"}
{"context":"WorkersService","level":"error","message":"Failed to sync order ORD-1773519045225-140: Request failed with status code 400","stack":[null],"timestamp":"2026-03-25T20:20:00.163Z"}
{"context":"WorkersService","level":"error","message":"Failed to sync order ORD-1773519045225-140: Request failed with status code 400","stack":[null],"timestamp":"2026-03-25T20:22:00.129Z"}
{"context":"WorkersService","level":"error","message":"Failed to sync order ORD-1773519045225-140: Request failed with status code 400","stack":[null],"timestamp":"2026-03-25T20:24:00.128Z"}
{"context":"DigiflazzService","level":"error","message":"[SupplierBalance] Failed to verify balance, proceeding normally: Request failed with status code 400","stack":[null],"timestamp":"2026-03-25T20:25:00.126Z"}
{"context":"DigiflazzService","level":"error","message":"[SupplierBalance] Failed to verify balance, proceeding normally: Request failed with status code 400","stack":[null],"timestamp":"2026-03-25T20:25:00.140Z"}
{"context":"DigiflazzService","level":"error","message":"[Cron] Failed to retry order ORD-1773519045225-140: Request failed with status code 400","stack":[null],"timestamp":"2026-03-25T20:25:00.172Z"}
{"context":"DigiflazzService","level":"error","message":"[Cron] Failed to retry order ORD-1773519045225-140: Request failed with status code 400","stack":[null],"timestamp":"2026-03-25T20:25:00.190Z"}
{"context":"DigiflazzService","level":"error","message":"[SupplierBalance] Failed to verify balance, proceeding normally: Request failed with status code 400","stack":[null],"timestamp":"2026-03-25T20:25:00.624Z"}
{"context":"DigiflazzService","level":"error","message":"[Cron] Failed to retry order ORD-1773519045225-140: Request failed with status code 400","stack":[null],"timestamp":"2026-03-25T20:25:00.676Z"}
{"context":"WorkersService","level":"error","message":"Failed to sync order ORD-1773519045225-140: Request failed with status code 400","stack":[null],"timestamp":"2026-03-25T20:26:00.104Z"}
{"context":"WorkersService","level":"error","message":"Failed to sync order ORD-1773519045225-140: Request failed with status code 400","stack":[null],"timestamp":"2026-03-25T20:28:00.334Z"}
{"context":"WorkersService","level":"error","message":"Failed to sync order ORD-1773519045225-140: Request failed with status code 400","stack":[null],"timestamp":"2026-03-25T20:30:00.237Z"}
{"context":"WorkersService","level":"error","message":"Failed to sync order ORD-1773519045225-140: Request failed with status code 400","stack":[null],"timestamp":"2026-03-25T20:32:00.135Z"}
{"context":"WorkersService","level":"error","message":"Failed to sync order ORD-1773519045225-140: Request failed with status code 400","stack":[null],"timestamp":"2026-03-25T20:34:00.121Z"}
{"context":"DigiflazzService","level":"error","message":"[SupplierBalance] Failed to verify balance, proceeding normally: Request failed with status code 400","stack":[null],"timestamp":"2026-03-25T20:35:00.412Z"}
{"context":"DigiflazzService","level":"error","message":"[SupplierBalance] Failed to verify balance, proceeding normally: Request failed with status code 400","stack":[null],"timestamp":"2026-03-25T20:35:00.417Z"}
{"context":"DigiflazzService","level":"error","message":"[SupplierBalance] Failed to verify balance, proceeding normally: Request failed with status code 400","stack":[null],"timestamp":"2026-03-25T20:35:00.430Z"}
{"context":"DigiflazzService","level":"error","message":"[Cron] Failed to retry order ORD-1773519045225-140: Request failed with status code 400","stack":[null],"timestamp":"2026-03-25T20:35:00.449Z"}
{"context":"DigiflazzService","level":"error","message":"[Cron] Failed to retry order ORD-1773519045225-140: Request failed with status code 400","stack":[null],"timestamp":"2026-03-25T20:35:00.473Z"}
{"context":"DigiflazzService","level":"error","message":"[Cron] Failed to retry order ORD-1773519045225-140: Request failed with status code 400","stack":[null],"timestamp":"2026-03-25T20:35:00.475Z"}
{"context":"WorkersService","level":"error","message":"Failed to sync order ORD-1773519045225-140: Request failed with status code 400","stack":[null],"timestamp":"2026-03-25T20:36:00.122Z"}
{"context":"WorkersService","level":"error","message":"Failed to sync order ORD-1773519045225-140: Request failed with status code 400","stack":[null],"timestamp":"2026-03-25T20:38:00.157Z"}
{"context":"WorkersService","level":"error","message":"Failed to sync order ORD-1773519045225-140: Request failed with status code 400","stack":[null],"timestamp":"2026-03-25T20:40:00.257Z"}
{"context":"WorkersService","level":"error","message":"Failed to sync order ORD-1773519045225-140: Request failed with status code 400","stack":[null],"timestamp":"2026-03-25T20:42:00.208Z"}
{"context":"WorkersService","level":"error","message":"Failed to sync order ORD-1773519045225-140: Request failed with status code 400","stack":[null],"timestamp":"2026-03-25T20:44:02.122Z"}
{"context":"DigiflazzService","level":"error","message":"[SupplierBalance] Failed to verify balance, proceeding normally: Request failed with status code 400","stack":[null],"timestamp":"2026-03-25T20:45:00.152Z"}
{"context":"DigiflazzService","level":"error","message":"[SupplierBalance] Failed to verify balance, proceeding normally: Request failed with status code 400","stack":[null],"timestamp":"2026-03-25T20:45:00.169Z"}
{"context":"DigiflazzService","level":"error","message":"[SupplierBalance] Failed to verify balance, proceeding normally: Request failed with status code 400","stack":[null],"timestamp":"2026-03-25T20:45:00.192Z"}
{"context":"DigiflazzService","level":"error","message":"[Cron] Failed to retry order ORD-1773519045225-140: Request failed with status code 400","stack":[null],"timestamp":"2026-03-25T20:45:00.215Z"}
{"context":"DigiflazzService","level":"error","message":"[Cron] Failed to retry order ORD-1773519045225-140: Request failed with status code 400","stack":[null],"timestamp":"2026-03-25T20:45:00.253Z"}
{"context":"DigiflazzService","level":"error","message":"[Cron] Failed to retry order ORD-1773519045225-140: Request failed with status code 400","stack":[null],"timestamp":"2026-03-25T20:45:00.269Z"}
{"context":"WorkersService","level":"error","message":"Failed to sync order ORD-1773519045225-140: Request failed with status code 400","stack":[null],"timestamp":"2026-03-25T20:46:00.162Z"}
{"context":"WorkersService","level":"error","message":"Failed to sync order ORD-1773519045225-140: Request failed with status code 400","stack":[null],"timestamp":"2026-03-25T20:48:00.247Z"}
{"context":"WorkersService","level":"error","message":"Failed to sync order ORD-1773519045225-140: Request failed with status code 400","stack":[null],"timestamp":"2026-03-25T20:50:00.142Z"}
{"context":"WorkersService","level":"error","message":"Failed to sync order ORD-1773519045225-140: Request failed with status code 400","stack":[null],"timestamp":"2026-03-25T20:52:00.132Z"}
{"context":"WorkersService","level":"error","message":"Failed to sync order ORD-1773519045225-140: Request failed with status code 400","stack":[null],"timestamp":"2026-03-25T20:54:00.119Z"}
{"context":"DigiflazzService","level":"error","message":"[SupplierBalance] Failed to verify balance, proceeding normally: Request failed with status code 400","stack":[null],"timestamp":"2026-03-25T20:55:00.163Z"}
{"context":"DigiflazzService","level":"error","message":"[SupplierBalance] Failed to verify balance, proceeding normally: Request failed with status code 400","stack":[null],"timestamp":"2026-03-25T20:55:00.167Z"}
{"context":"DigiflazzService","level":"error","message":"[SupplierBalance] Failed to verify balance, proceeding normally: Request failed with status code 400","stack":[null],"timestamp":"2026-03-25T20:55:00.169Z"}
{"context":"DigiflazzService","level":"error","message":"[Cron] Failed to retry order ORD-1773519045225-140: Request failed with status code 400","stack":[null],"timestamp":"2026-03-25T20:55:00.214Z"}
{"context":"DigiflazzService","level":"error","message":"[Cron] Failed to retry order ORD-1773519045225-140: Request failed with status code 400","stack":[null],"timestamp":"2026-03-25T20:55:00.215Z"}
{"context":"DigiflazzService","level":"error","message":"[Cron] Failed to retry order ORD-1773519045225-140: Request failed with status code 400","stack":[null],"timestamp":"2026-03-25T20:55:00.221Z"}
{"context":"WorkersService","level":"error","message":"Failed to sync order ORD-1773519045225-140: Request failed with status code 400","stack":[null],"timestamp":"2026-03-25T20:56:00.146Z"}
{"context":"WorkersService","level":"error","message":"Failed to sync order ORD-1773519045225-140: Request failed with status code 400","stack":[null],"timestamp":"2026-03-25T20:58:00.118Z"}
{"context":"WorkersService","level":"error","message":"Failed to sync order ORD-1773519045225-140: Request failed with status code 400","stack":[null],"timestamp":"2026-03-25T21:00:00.245Z"}
{"context":"WorkersService","level":"error","message":"Failed to sync supplier balance: Request failed with status code 400","stack":[null],"timestamp":"2026-03-25T21:00:00.264Z"}
{"context":"WorkersService","level":"error","message":"Failed to sync order ORD-1773519045225-140: Request failed with status code 400","stack":[null],"timestamp":"2026-03-25T21:02:00.254Z"}
{"context":"WorkersService","level":"error","message":"Failed to sync order ORD-1773519045225-140: Request failed with status code 400","stack":[null],"timestamp":"2026-03-25T21:04:00.181Z"}
{"context":"DigiflazzService","level":"error","message":"[SupplierBalance] Failed to verify balance, proceeding normally: Request failed with status code 400","stack":[null],"timestamp":"2026-03-25T21:05:00.157Z"}
{"context":"DigiflazzService","level":"error","message":"[SupplierBalance] Failed to verify balance, proceeding normally: Request failed with status code 400","stack":[null],"timestamp":"2026-03-25T21:05:00.163Z"}
{"context":"DigiflazzService","level":"error","message":"[SupplierBalance] Failed to verify balance, proceeding normally: Request failed with status code 400","stack":[null],"timestamp":"2026-03-25T21:05:00.167Z"}
{"context":"DigiflazzService","level":"error","message":"[Cron] Failed to retry order ORD-1773519045225-140: Request failed with status code 400","stack":[null],"timestamp":"2026-03-25T21:05:00.219Z"}
{"context":"DigiflazzService","level":"error","message":"[Cron] Failed to retry order ORD-1773519045225-140: Request failed with status code 400","stack":[null],"timestamp":"2026-03-25T21:05:00.220Z"}
{"context":"DigiflazzService","level":"error","message":"[Cron] Failed to retry order ORD-1773519045225-140: Request failed with status code 400","stack":[null],"timestamp":"2026-03-25T21:05:00.221Z"}
{"context":"WorkersService","level":"error","message":"Failed to sync order ORD-1773519045225-140: Request failed with status code 400","stack":[null],"timestamp":"2026-03-25T21:06:00.152Z"}
{"context":"WorkersService","level":"error","message":"Failed to sync order ORD-1773519045225-140: Request failed with status code 400","stack":[null],"timestamp":"2026-03-25T21:08:00.126Z"}
{"context":"WorkersService","level":"error","message":"Failed to sync order ORD-1773519045225-140: getaddrinfo ENOTFOUND api.digiflazz.com","stack":[null],"timestamp":"2026-03-25T21:10:00.052Z"}
{"context":"DigiflazzService","level":"error","message":"[SupplierBalance] Failed to verify balance, proceeding normally: Request failed with status code 400","stack":[null],"timestamp":"2026-03-25T21:15:00.233Z"}
{"context":"DigiflazzService","level":"error","message":"[SupplierBalance] Failed to verify balance, proceeding normally: Request failed with status code 400","stack":[null],"timestamp":"2026-03-25T21:15:00.236Z"}
{"context":"DigiflazzService","level":"error","message":"[SupplierBalance] Failed to verify balance, proceeding normally: Request failed with status code 400","stack":[null],"timestamp":"2026-03-25T21:15:00.239Z"}
{"context":"DigiflazzService","level":"error","message":"[Cron] Failed to retry order ORD-1773519045225-140: Request failed with status code 400","stack":[null],"timestamp":"2026-03-25T21:15:00.283Z"}
{"context":"DigiflazzService","level":"error","message":"[Cron] Failed to retry order ORD-1773519045225-140: Request failed with status code 400","stack":[null],"timestamp":"2026-03-25T21:15:00.286Z"}
{"context":"DigiflazzService","level":"error","message":"[Cron] Failed to retry order ORD-1773519045225-140: Request failed with status code 400","stack":[null],"timestamp":"2026-03-25T21:15:00.291Z"}
{"context":"WorkersService","level":"error","message":"Failed to sync order ORD-1773519045225-140: Request failed with status code 400","stack":[null],"timestamp":"2026-03-25T21:16:00.263Z"}
{"context":"WorkersService","level":"error","message":"Failed to sync order ORD-1773519045225-140: Request failed with status code 400","stack":[null],"timestamp":"2026-03-25T21:18:00.114Z"}
{"context":"WorkersService","level":"error","message":"Failed to sync order ORD-1773519045225-140: Request failed with status code 400","stack":[null],"timestamp":"2026-03-25T21:20:00.151Z"}
{"context":"WorkersService","level":"error","message":"Failed to sync order ORD-1773519045225-140: Request failed with status code 400","stack":[null],"timestamp":"2026-03-25T21:22:00.139Z"}
{"context":"WorkersService","level":"error","message":"Failed to sync order ORD-1773519045225-140: Request failed with status code 400","stack":[null],"timestamp":"2026-03-25T21:24:00.124Z"}
{"context":"DigiflazzService","level":"error","message":"[SupplierBalance] Failed to verify balance, proceeding normally: Request failed with status code 400","stack":[null],"timestamp":"2026-03-25T21:25:00.132Z"}
{"context":"DigiflazzService","level":"error","message":"[SupplierBalance] Failed to verify balance, proceeding normally: Request failed with status code 400","stack":[null],"timestamp":"2026-03-25T21:25:00.150Z"}
{"context":"DigiflazzService","level":"error","message":"[SupplierBalance] Failed to verify balance, proceeding normally: Request failed with status code 400","stack":[null],"timestamp":"2026-03-25T21:25:00.157Z"}
{"context":"DigiflazzService","level":"error","message":"[Cron] Failed to retry order ORD-1773519045225-140: Request failed with status code 400","stack":[null],"timestamp":"2026-03-25T21:25:00.193Z"}
{"context":"DigiflazzService","level":"error","message":"[Cron] Failed to retry order ORD-1773519045225-140: Request failed with status code 400","stack":[null],"timestamp":"2026-03-25T21:25:00.196Z"}
{"context":"DigiflazzService","level":"error","message":"[Cron] Failed to retry order ORD-1773519045225-140: Request failed with status code 400","stack":[null],"timestamp":"2026-03-25T21:25:00.202Z"}
{"context":"WorkersService","level":"error","message":"Failed to sync order ORD-1773519045225-140: Request failed with status code 400","stack":[null],"timestamp":"2026-03-25T21:26:00.135Z"}
{"context":"WorkersService","level":"error","message":"Failed to sync order ORD-1773519045225-140: Request failed with status code 400","stack":[null],"timestamp":"2026-03-25T21:28:00.129Z"}
{"context":"WorkersService","level":"error","message":"Failed to sync order ORD-1773519045225-140: Request failed with status code 400","stack":[null],"timestamp":"2026-03-25T21:30:00.202Z"}
{"context":"WorkersService","level":"error","message":"Failed to sync order ORD-1773519045225-140: Request failed with status code 400","stack":[null],"timestamp":"2026-03-25T21:32:00.118Z"}
{"context":"WorkersService","level":"error","message":"Failed to sync order ORD-1773519045225-140: Request failed with status code 400","stack":[null],"timestamp":"2026-03-25T21:34:00.144Z"}
{"context":"DigiflazzService","level":"error","message":"[SupplierBalance] Failed to verify balance, proceeding normally: Request failed with status code 400","stack":[null],"timestamp":"2026-03-25T21:35:00.126Z"}
{"context":"DigiflazzService","level":"error","message":"[SupplierBalance] Failed to verify balance, proceeding normally: Request failed with status code 400","stack":[null],"timestamp":"2026-03-25T21:35:00.128Z"}
{"context":"DigiflazzService","level":"error","message":"[SupplierBalance] Failed to verify balance, proceeding normally: Request failed with status code 400","stack":[null],"timestamp":"2026-03-25T21:35:00.136Z"}
{"context":"DigiflazzService","level":"error","message":"[Cron] Failed to retry order ORD-1773519045225-140: Request failed with status code 400","stack":[null],"timestamp":"2026-03-25T21:35:00.203Z"}
{"context":"DigiflazzService","level":"error","message":"[Cron] Failed to retry order ORD-1773519045225-140: Request failed with status code 400","stack":[null],"timestamp":"2026-03-25T21:35:00.205Z"}
{"context":"DigiflazzService","level":"error","message":"[Cron] Failed to retry order ORD-1773519045225-140: Request failed with status code 400","stack":[null],"timestamp":"2026-03-25T21:35:00.206Z"}
